Twilio source=local_settings sid=- from=-
 * Serving Flask app 'app'
 * Debug mode: on
Twilio source=local_settings sid=- from=-
Worker de recordatorios iniciado.
Intentando envio WhatsApp. Twilio source=local_settings sid=- from=- to=whatsapp:+573000000088
No se pudo enviar seguimiento a whatsapp:+573000000088. Twilio no configurado
Intentando envio WhatsApp. Twilio source=local_settings sid=- from=- to=whatsapp:+573000000089
No se pudo enviar seguimiento a whatsapp:+573000000089. Twilio no configurado
Intentando envio WhatsApp. Twilio source=local_settings sid=- from=- to=whatsapp:+573000000088
No se pudo enviar seguimiento a whatsapp:+573000000088. Twilio no configurado
Intentando envio WhatsApp. Twilio source=local_settings sid=- from=- to=whatsapp:+573000000089
No se pudo enviar seguimiento a whatsapp:+573000000089. Twilio no configurado
Intentando envio WhatsApp. Twilio source=local_settings sid=- from=- to=whatsapp:+573000000088
No se pudo enviar seguimiento a whatsapp:+573000000088. Twilio no configurado
Intentando envio WhatsApp. Twilio source=local_settings sid=- from=- to=whatsapp:+573000000089
No se pudo enviar seguimiento a whatsapp:+573000000089. Twilio no configurado
Intentando envio WhatsApp. Twilio source=local_settings sid=- from=- to=whatsapp:+573000000088
No se pudo enviar seguimiento a whatsapp:+573000000088. Twilio no configurado
Intentando envio WhatsApp. Twilio source=local_settings sid=- from=- to=whatsapp:+573000000089
No se pudo enviar seguimiento a whatsapp:+573000000089. Twilio no configurado
Intentando envio WhatsApp. Twilio source=local_settings sid=- from=- to=whatsapp:+573000000088
No se pudo enviar seguimiento a whatsapp:+573000000088. Twilio no configurado
Intentando envio WhatsApp. Twilio source=local_settings sid=- from=- to=whatsapp:+573000000089
No se pudo enviar seguimiento a whatsapp:+573000000089. Twilio no configurado
Intentando envio WhatsApp. Twilio source=local_settings sid=- from=- to=whatsapp:+573000000088
No se pudo enviar seguimiento a whatsapp:+573000000088. Twilio no configurado
Intentando envio WhatsApp. Twilio source=local_settings sid=- from=- to=whatsapp:+573000000089
No se pudo enviar seguimiento a whatsapp:+573000000089. Twilio no configurado
Intentando envio WhatsApp. Twilio source=local_settings sid=- from=- to=whatsapp:+573000000088
No se pudo enviar seguimiento a whatsapp:+573000000088. Twilio no configurado
Intentando envio WhatsApp. Twilio source=local_settings sid=- from=- to=whatsapp:+573000000089
No se pudo enviar seguimiento a whatsapp:+573000000089. Twilio no configurado
Intentando envio WhatsApp. Twilio source=local_settings sid=- from=- to=whatsapp:+573000000088
No se pudo enviar seguimiento a whatsapp:+573000000088. Twilio no configurado
Intentando envio WhatsApp. Twilio source=local_settings sid=- from=- to=whatsapp:+573000000089
No se pudo enviar seguimiento a whatsapp:+573000000089. Twilio no configurado
Intentando envio WhatsApp. Twilio source=local_settings sid=- from=- to=whatsapp:+573000000088
No se pudo enviar seguimiento a whatsapp:+573000000088. Twilio no configurado
Intentando envio WhatsApp. Twilio source=local_settings sid=- from=- to=whatsapp:+573000000089
No se pudo enviar seguimiento a whatsapp:+573000000089. Twilio no configurado
Intentando envio WhatsApp. Twilio source=local_settings sid=- from=- to=whatsapp:+573000000088
No se pudo enviar seguimiento a whatsapp:+573000000088. Twilio no configurado
Intentando envio WhatsApp. Twilio source=local_settings sid=- from=- to=whatsapp:+573000000089
No se pudo enviar seguimiento a whatsapp:+573000000089. Twilio no configurado
Intentando envio WhatsApp. Twilio source=local_settings sid=- from=- to=whatsapp:+573000000088
No se pudo enviar seguimiento a whatsapp:+573000000088. Twilio no configurado
Intentando envio WhatsApp. Twilio source=local_settings sid=- from=- to=whatsapp:+573000000089
No se pudo enviar seguimiento a whatsapp:+573000000089. Twilio no configurado
Intentando envio WhatsApp. Twilio source=local_settings sid=- from=- to=whatsapp:+573000000088
No se pudo enviar seguimiento a whatsapp:+573000000088. Twilio no configurado
Intentando envio WhatsApp. Twilio source=local_settings sid=- from=- to=whatsapp:+573000000089
No se pudo enviar seguimiento a whatsapp:+573000000089. Twilio no configurado
Intentando envio WhatsApp. Twilio source=local_settings sid=- from=- to=whatsapp:+573000000088
No se pudo enviar seguimiento a whatsapp:+573000000088. Twilio no configurado
Intentando envio WhatsApp. Twilio source=local_settings sid=- from=- to=whatsapp:+573000000089
No se pudo enviar seguimiento a whatsapp:+573000000089. Twilio no configurado
Intentando envio WhatsApp. Twilio source=local_settings sid=- from=- to=whatsapp:+573000000088
No se pudo enviar seguimiento a whatsapp:+573000000088. Twilio no configurado
Intentando envio WhatsApp. Twilio source=local_settings sid=- from=- to=whatsapp:+573000000089
No se pudo enviar seguimiento a whatsapp:+573000000089. Twilio no configurado
Intentando envio WhatsApp. Twilio source=local_settings sid=- from=- to=whatsapp:+573000000088
No se pudo enviar seguimiento a whatsapp:+573000000088. Twilio no configurado
Intentando envio WhatsApp. Twilio source=local_settings sid=- from=- to=whatsapp:+573000000089
No se pudo enviar seguimiento a whatsapp:+573000000089. Twilio no configurado
Intentando envio WhatsApp. Twilio source=local_settings sid=- from=- to=whatsapp:+573000000088
No se pudo enviar seguimiento a whatsapp:+573000000088. Twilio no configurado
Intentando envio WhatsApp. Twilio source=local_settings sid=- from=- to=whatsapp:+573000000089
No se pudo enviar seguimiento a whatsapp:+573000000089. Twilio no configurado
Intentando envio WhatsApp. Twilio source=local_settings sid=- from=- to=whatsapp:+573000000088
No se pudo enviar seguimiento a whatsapp:+573000000088. Twilio no configurado
Intentando envio WhatsApp. Twilio source=local_settings sid=- from=- to=whatsapp:+573000000089
No se pudo enviar seguimiento a whatsapp:+573000000089. Twilio no configurado
Intentando envio WhatsApp. Twilio source=local_settings sid=- from=- to=whatsapp:+573000000088
No se pudo enviar seguimiento a whatsapp:+573000000088. Twilio no configurado
Intentando envio WhatsApp. Twilio source=local_settings sid=- from=- to=whatsapp:+573000000089
No se pudo enviar seguimiento a whatsapp:+573000000089. Twilio no configurado
Intentando envio WhatsApp. Twilio source=local_settings sid=- from=- to=whatsapp:+573000000088
No se pudo enviar seguimiento a whatsapp:+573000000088. Twilio no configurado
Intentando envio WhatsApp. Twilio source=local_settings sid=- from=- to=whatsapp:+573000000089
No se pudo enviar seguimiento a whatsapp:+573000000089. Twilio no configurado
Intentando envio WhatsApp. Twilio source=local_settings sid=- from=- to=whatsapp:+573000000088
No se pudo enviar seguimiento a whatsapp:+573000000088. Twilio no configurado
Intentando envio WhatsApp. Twilio source=local_settings sid=- from=- to=whatsapp:+573000000089
No se pudo enviar seguimiento a whatsapp:+573000000089. Twilio no configurado
Intentando envio WhatsApp. Twilio source=local_settings sid=- from=- to=whatsapp:+573000000089
No se pudo notificar expiracion a whatsapp:+573000000089. Twilio no configurado
Twilio source=local_settings sid=- from=-
Worker de recordatorios iniciado.
